account server is listening on 9007
dealer api is listening on localhost:12581
events.js:182
      throw er; // Unhandled 'error' event
      ^

Error: listen EADDRINUSE 127.0.0.1:12581
    at Object._errnoException (util.js:1024:11)
    at _exceptionWithHostPort (util.js:1046:20)
    at Server.setupListenHandle [as _listen2] (net.js:1354:14)
    at listenInCluster (net.js:1395:12)
    at GetAddrInfoReqWrap.doListen [as callback] (net.js:1504:7)
    at GetAddrInfoReqWrap.onlookup [as oncomplete] (dns.js:100:10)
game server is listening on localhost:9003
client service is listening on port 9001
room service is listening on localhost:9002
events.js:182
      throw er; // Unhandled 'error' event
      ^

Error: listen EADDRINUSE :::9001
    at Object._errnoException (util.js:1024:11)
    at _exceptionWithHostPort (util.js:1046:20)
    at Server.setupListenHandle [as _listen2] (net.js:1354:14)
    at listenInCluster (net.js:1395:12)
    at Server.listen (net.js:1479:7)
    at Function.listen (/Users/wushengzhong2/person/projects/Funny-Program-Language/cocoscreators/xiaozhuzhuservice/node_modules/express/lib/application.js:617:24)
    at Object.exports.start (/Users/wushengzhong2/person/projects/Funny-Program-Language/cocoscreators/xiaozhuzhuservice/hall_server/client_service.js:315:6)
    at Object.<anonymous> (/Users/wushengzhong2/person/projects/Funny-Program-Language/cocoscreators/xiaozhuzhuservice/hall_server/app.js:10:16)
    at Module._compile (module.js:612:30)
    at Object.Module._extensions..js (module.js:623:10)
game server is listening on 10008
events.js:182
      throw er; // Unhandled 'error' event
      ^

Error: listen EADDRINUSE 127.0.0.1:9003
    at Object._errnoException (util.js:1024:11)
    at _exceptionWithHostPort (util.js:1046:20)
    at Server.setupListenHandle [as _listen2] (net.js:1354:14)
    at listenInCluster (net.js:1395:12)
    at GetAddrInfoReqWrap.doListen [as callback] (net.js:1504:7)
    at GetAddrInfoReqWrap.onlookup [as oncomplete] (dns.js:100:10)
account server is listening on 9007
dealer api is listening on localhost:12581
events.js:182
      throw er; // Unhandled 'error' event
      ^

Error: listen EADDRINUSE 127.0.0.1:12581
    at Object._errnoException (util.js:1024:11)
    at _exceptionWithHostPort (util.js:1046:20)
    at Server.setupListenHandle [as _listen2] (net.js:1354:14)
    at listenInCluster (net.js:1395:12)
    at GetAddrInfoReqWrap.doListen [as callback] (net.js:1504:7)
    at GetAddrInfoReqWrap.onlookup [as oncomplete] (dns.js:100:10)
game server is listening on localhost:9003
client service is listening on port 9001
room service is listening on localhost:9002
events.js:182
      throw er; // Unhandled 'error' event
      ^

Error: listen EADDRINUSE :::9001
    at Object._errnoException (util.js:1024:11)
    at _exceptionWithHostPort (util.js:1046:20)
    at Server.setupListenHandle [as _listen2] (net.js:1354:14)
    at listenInCluster (net.js:1395:12)
    at Server.listen (net.js:1479:7)
    at Function.listen (/Users/wushengzhong2/person/projects/Funny-Program-Language/cocoscreators/xiaozhuzhuservice/node_modules/express/lib/application.js:617:24)
    at Object.exports.start (/Users/wushengzhong2/person/projects/Funny-Program-Language/cocoscreators/xiaozhuzhuservice/hall_server/client_service.js:315:6)
    at Object.<anonymous> (/Users/wushengzhong2/person/projects/Funny-Program-Language/cocoscreators/xiaozhuzhuservice/hall_server/app.js:10:16)
    at Module._compile (module.js:612:30)
    at Object.Module._extensions..js (module.js:623:10)
game server is listening on 10008
events.js:182
      throw er; // Unhandled 'error' event
      ^

Error: listen EADDRINUSE 127.0.0.1:9003
    at Object._errnoException (util.js:1024:11)
    at _exceptionWithHostPort (util.js:1046:20)
    at Server.setupListenHandle [as _listen2] (net.js:1354:14)
    at listenInCluster (net.js:1395:12)
    at GetAddrInfoReqWrap.doListen [as callback] (net.js:1504:7)
    at GetAddrInfoReqWrap.onlookup [as oncomplete] (dns.js:100:10)
account server is listening on 9007
dealer api is listening on localhost:12581
game server is listening on localhost:9003
events.js:182
      throw er; // Unhandled 'error' event
      ^

Error: listen EADDRINUSE 127.0.0.1:12581
    at Object._errnoException (util.js:1024:11)
    at _exceptionWithHostPort (util.js:1046:20)
    at Server.setupListenHandle [as _listen2] (net.js:1354:14)
    at listenInCluster (net.js:1395:12)
    at GetAddrInfoReqWrap.doListen [as callback] (net.js:1504:7)
    at GetAddrInfoReqWrap.onlookup [as oncomplete] (dns.js:100:10)
client service is listening on port 9001
room service is listening on localhost:9002
events.js:182
      throw er; // Unhandled 'error' event
      ^

Error: listen EADDRINUSE :::9001
    at Object._errnoException (util.js:1024:11)
    at _exceptionWithHostPort (util.js:1046:20)
    at Server.setupListenHandle [as _listen2] (net.js:1354:14)
    at listenInCluster (net.js:1395:12)
    at Server.listen (net.js:1479:7)
    at Function.listen (/Users/wushengzhong2/person/projects/Funny-Program-Language/cocoscreators/xiaozhuzhuservice/node_modules/express/lib/application.js:617:24)
    at Object.exports.start (/Users/wushengzhong2/person/projects/Funny-Program-Language/cocoscreators/xiaozhuzhuservice/hall_server/client_service.js:315:6)
    at Object.<anonymous> (/Users/wushengzhong2/person/projects/Funny-Program-Language/cocoscreators/xiaozhuzhuservice/hall_server/app.js:10:16)
    at Module._compile (module.js:612:30)
    at Object.Module._extensions..js (module.js:623:10)
game server is listening on 10008
events.js:182
      throw er; // Unhandled 'error' event
      ^

Error: listen EADDRINUSE 127.0.0.1:9003
    at Object._errnoException (util.js:1024:11)
    at _exceptionWithHostPort (util.js:1046:20)
    at Server.setupListenHandle [as _listen2] (net.js:1354:14)
    at listenInCluster (net.js:1395:12)
    at GetAddrInfoReqWrap.doListen [as callback] (net.js:1504:7)
    at GetAddrInfoReqWrap.onlookup [as oncomplete] (dns.js:100:10)
account server is listening on 9007
dealer api is listening on localhost:12581
events.js:182
      throw er; // Unhandled 'error' event
      ^

Error: listen EADDRINUSE 127.0.0.1:12581
    at Object._errnoException (util.js:1024:11)
    at _exceptionWithHostPort (util.js:1046:20)
    at Server.setupListenHandle [as _listen2] (net.js:1354:14)
    at listenInCluster (net.js:1395:12)
    at GetAddrInfoReqWrap.doListen [as callback] (net.js:1504:7)
    at GetAddrInfoReqWrap.onlookup [as oncomplete] (dns.js:100:10)
client service is listening on port 9001
room service is listening on localhost:9002
events.js:182
      throw er; // Unhandled 'error' event
      ^

Error: listen EADDRINUSE :::9001
    at Object._errnoException (util.js:1024:11)
    at _exceptionWithHostPort (util.js:1046:20)
    at Server.setupListenHandle [as _listen2] (net.js:1354:14)
    at listenInCluster (net.js:1395:12)
    at Server.listen (net.js:1479:7)
    at Function.listen (/Users/wushengzhong2/person/projects/Funny-Program-Language/cocoscreators/xiaozhuzhuservice/node_modules/express/lib/application.js:617:24)
    at Object.exports.start (/Users/wushengzhong2/person/projects/Funny-Program-Language/cocoscreators/xiaozhuzhuservice/hall_server/client_service.js:315:6)
    at Object.<anonymous> (/Users/wushengzhong2/person/projects/Funny-Program-Language/cocoscreators/xiaozhuzhuservice/hall_server/app.js:10:16)
    at Module._compile (module.js:612:30)
    at Object.Module._extensions..js (module.js:623:10)
game server is listening on localhost:9003
game server is listening on 10008
events.js:182
      throw er; // Unhandled 'error' event
      ^

Error: listen EADDRINUSE 127.0.0.1:9003
    at Object._errnoException (util.js:1024:11)
    at _exceptionWithHostPort (util.js:1046:20)
    at Server.setupListenHandle [as _listen2] (net.js:1354:14)
    at listenInCluster (net.js:1395:12)
    at GetAddrInfoReqWrap.doListen [as callback] (net.js:1504:7)
    at GetAddrInfoReqWrap.onlookup [as oncomplete] (dns.js:100:10)
game server is listening on localhost:9003
client service is listening on port 9001
account server is listening on 9007
room service is listening on localhost:9002
events.js:182
      throw er; // Unhandled 'error' event
      ^

Error: listen EADDRINUSE :::9001
    at Object._errnoException (util.js:1024:11)
    at _exceptionWithHostPort (util.js:1046:20)
    at Server.setupListenHandle [as _listen2] (net.js:1354:14)
    at listenInCluster (net.js:1395:12)
    at Server.listen (net.js:1479:7)
    at Function.listen (/Users/wushengzhong2/person/projects/Funny-Program-Language/cocoscreators/xiaozhuzhuservice/node_modules/express/lib/application.js:617:24)
    at Object.exports.start (/Users/wushengzhong2/person/projects/Funny-Program-Language/cocoscreators/xiaozhuzhuservice/hall_server/client_service.js:315:6)
    at Object.<anonymous> (/Users/wushengzhong2/person/projects/Funny-Program-Language/cocoscreators/xiaozhuzhuservice/hall_server/app.js:10:16)
    at Module._compile (module.js:612:30)
    at Object.Module._extensions..js (module.js:623:10)
dealer api is listening on localhost:12581
events.js:182
      throw er; // Unhandled 'error' event
      ^

Error: listen EADDRINUSE 127.0.0.1:12581
    at Object._errnoException (util.js:1024:11)
    at _exceptionWithHostPort (util.js:1046:20)
    at Server.setupListenHandle [as _listen2] (net.js:1354:14)
    at listenInCluster (net.js:1395:12)
    at GetAddrInfoReqWrap.doListen [as callback] (net.js:1504:7)
    at GetAddrInfoReqWrap.onlookup [as oncomplete] (dns.js:100:10)
game server is listening on 10008
events.js:182
      throw er; // Unhandled 'error' event
      ^

Error: listen EADDRINUSE 127.0.0.1:9003
    at Object._errnoException (util.js:1024:11)
    at _exceptionWithHostPort (util.js:1046:20)
    at Server.setupListenHandle [as _listen2] (net.js:1354:14)
    at listenInCluster (net.js:1395:12)
    at GetAddrInfoReqWrap.doListen [as callback] (net.js:1504:7)
    at GetAddrInfoReqWrap.onlookup [as oncomplete] (dns.js:100:10)
game server is listening on localhost:9003
account server is listening on 9007
client service is listening on port 9001
dealer api is listening on localhost:12581
room service is listening on localhost:9002
events.js:182
      throw er; // Unhandled 'error' event
      ^

Error: listen EADDRINUSE :::9001
    at Object._errnoException (util.js:1024:11)
    at _exceptionWithHostPort (util.js:1046:20)
    at Server.setupListenHandle [as _listen2] (net.js:1354:14)
    at listenInCluster (net.js:1395:12)
    at Server.listen (net.js:1479:7)
    at Function.listen (/Users/wushengzhong2/person/projects/Funny-Program-Language/cocoscreators/xiaozhuzhuservice/node_modules/express/lib/application.js:617:24)
    at Object.exports.start (/Users/wushengzhong2/person/projects/Funny-Program-Language/cocoscreators/xiaozhuzhuservice/hall_server/client_service.js:315:6)
    at Object.<anonymous> (/Users/wushengzhong2/person/projects/Funny-Program-Language/cocoscreators/xiaozhuzhuservice/hall_server/app.js:10:16)
    at Module._compile (module.js:612:30)
    at Object.Module._extensions..js (module.js:623:10)
events.js:182
      throw er; // Unhandled 'error' event
      ^

Error: listen EADDRINUSE 127.0.0.1:12581
    at Object._errnoException (util.js:1024:11)
    at _exceptionWithHostPort (util.js:1046:20)
    at Server.setupListenHandle [as _listen2] (net.js:1354:14)
    at listenInCluster (net.js:1395:12)
    at GetAddrInfoReqWrap.doListen [as callback] (net.js:1504:7)
    at GetAddrInfoReqWrap.onlookup [as oncomplete] (dns.js:100:10)
game server is listening on 10008
events.js:182
      throw er; // Unhandled 'error' event
      ^

Error: listen EADDRINUSE 127.0.0.1:9003
    at Object._errnoException (util.js:1024:11)
    at _exceptionWithHostPort (util.js:1046:20)
    at Server.setupListenHandle [as _listen2] (net.js:1354:14)
    at listenInCluster (net.js:1395:12)
    at GetAddrInfoReqWrap.doListen [as callback] (net.js:1504:7)
    at GetAddrInfoReqWrap.onlookup [as oncomplete] (dns.js:100:10)
